2015-02-03 18:36:00,855 WARN c.a.d.p.w.o.u.ParseRecord [main] Exception: null
java.lang.NullPointerException
	at com.alibaba.datax.plugin.writer.otswriter.utils.CalculateHelper.getRowPutChangeSize(CalculateHelper.java:54) ~[classes/:?]
	at com.alibaba.datax.plugin.writer.otswriter.model.OTSLine.setSize(OTSLine.java:50) ~[classes/:?]
	at com.alibaba.datax.plugin.writer.otswriter.model.OTSLine.<init>(OTSLine.java:35) ~[classes/:?]
	at com.alibaba.datax.plugin.writer.otswriter.utils.ParseRecord.parseMultiVersionRecordToOTSLine(ParseRecord.java:187) ~[classes/:?]
	at com.alibaba.datax.plugin.writer.otswriter.unittest.NullColumnForMultiVersionUnittest.testIllegal(NullColumnForMultiVersionUnittest.java:87) ~[test-classes/:?]
	at com.alibaba.datax.plugin.writer.otswriter.unittest.NullColumnForMultiVersionUnittest.testForValue(NullColumnForMultiVersionUnittest.java:573) ~[test-classes/:?]
	at sun.reflect.NativeMethodAccessorImpl.invoke0(Native Method) ~[?:1.6.0_51]
	at sun.reflect.NativeMethodAccessorImpl.invoke(NativeMethodAccessorImpl.java:39) ~[?:1.6.0_51]
	at sun.reflect.DelegatingMethodAccessorImpl.invoke(DelegatingMethodAccessorImpl.java:25) ~[?:1.6.0_51]
	at java.lang.reflect.Method.invoke(Method.java:597) ~[?:1.6.0_51]
	at org.junit.runners.model.FrameworkMethod$1.runReflectiveCall(FrameworkMethod.java:47) ~[junit-4.11.jar:?]
	at org.junit.internal.runners.model.ReflectiveCallable.run(ReflectiveCallable.java:12) ~[junit-4.11.jar:?]
	at org.junit.runners.model.FrameworkMethod.invokeExplosively(FrameworkMethod.java:44) ~[junit-4.11.jar:?]
	at org.junit.internal.runners.statements.InvokeMethod.evaluate(InvokeMethod.java:17) ~[junit-4.11.jar:?]
	at org.junit.runners.ParentRunner.runLeaf(ParentRunner.java:271) ~[junit-4.11.jar:?]
	at org.junit.runners.BlockJUnit4ClassRunner.runChild(BlockJUnit4ClassRunner.java:70) ~[junit-4.11.jar:?]
	at org.junit.runners.BlockJUnit4ClassRunner.runChild(BlockJUnit4ClassRunner.java:50) ~[junit-4.11.jar:?]
	at org.junit.runners.ParentRunner$3.run(ParentRunner.java:238) ~[junit-4.11.jar:?]
	at org.junit.runners.ParentRunner$1.schedule(ParentRunner.java:63) ~[junit-4.11.jar:?]
	at org.junit.runners.ParentRunner.runChildren(ParentRunner.java:236) ~[junit-4.11.jar:?]
	at org.junit.runners.ParentRunner.access$000(ParentRunner.java:53) ~[junit-4.11.jar:?]
	at org.junit.runners.ParentRunner$2.evaluate(ParentRunner.java:229) ~[junit-4.11.jar:?]
	at org.junit.internal.runners.statements.RunBefores.evaluate(RunBefores.java:26) ~[junit-4.11.jar:?]
	at org.junit.internal.runners.statements.RunAfters.evaluate(RunAfters.java:27) ~[junit-4.11.jar:?]
	at org.junit.runners.ParentRunner.run(ParentRunner.java:309) ~[junit-4.11.jar:?]
	at org.eclipse.jdt.internal.junit4.runner.JUnit4TestReference.run(JUnit4TestReference.java:50) ~[.cp/:?]
	at org.eclipse.jdt.internal.junit.runner.TestExecution.run(TestExecution.java:38) ~[.cp/:?]
	at org.eclipse.jdt.internal.junit.runner.RemoteTestRunner.runTests(RemoteTestRunner.java:459) ~[.cp/:?]
	at org.eclipse.jdt.internal.junit.runner.RemoteTestRunner.runTests(RemoteTestRunner.java:675) ~[.cp/:?]
	at org.eclipse.jdt.internal.junit.runner.RemoteTestRunner.run(RemoteTestRunner.java:382) ~[.cp/:?]
	at org.eclipse.jdt.internal.junit.runner.RemoteTestRunner.main(RemoteTestRunner.java:192) ~[.cp/:?]
2015-02-03 18:36:00,860 ERROR c.a.d.p.w.o.c.DataChecker [main] Expect Message(The input value can not be empty in the multiVersion mode.) not equal Message(null) of src, Index : 0
