
DataX (201605031020-500771), From Alibaba !
Copyright (C) 2010-2015, Alibaba Group. All Rights Reserved.


2016-05-25 20:27:02.480 [main] INFO  VMInfo - VMInfo# operatingSystem class => com.sun.management.UnixOperatingSystem
2016-05-25 20:27:02.492 [main] INFO  Engine - the machine info  => 

	osInfo:	Oracle Corporation 1.7 24.75-b04-internal
	jvmInfo:	Linux amd64 2.6.32-220.23.2.ali927.el5.x86_64
	cpu num:	4

	totalPhysicalMemory:	7.81G
	freePhysicalMemory:	0.69G
	maxFileDescriptorCount:	655360
	currentOpenFileDescriptorCount:	86

	GC Names	[PS MarkSweep, PS Scavenge]

	MEMORY_NAME                    | allocation_size                | init_size                      
	PS Survivor Space              | 42.50MB                        | 42.50MB                        
	PS Old Gen                     | 683.00MB                       | 683.00MB                       
	PS Eden Space                  | 256.50MB                       | 256.50MB                       
	Code Cache                     | 48.00MB                        | 2.44MB                         
	PS Perm Gen                    | 82.00MB                        | 21.00MB                        


2016-05-25 20:27:02.545 [main] INFO  Engine - 
{
	"content":[
		{
			"reader":{
				"name":"streamreader",
				"parameter":{
					"column":[
						{
							"type":"string",
							"value":"pp1"
						},
						{
							"type":"long",
							"value":19890604
						},
						{
							"type":"date",
							"value":"1989-06-04 00:00:00"
						},
						{
							"type":"bool",
							"value":true
						},
						{
							"type":"bytes",
							"value":"test"
						}
					],
					"sliceRecordCount":20
				}
			},
			"writer":{
				"name":"zsearchwriter",
				"parameter":{
					"accessId":"datax",
					"column":[
						{
							"name":"c1",
							"type":"string"
						},
						{
							"name":"c2",
							"sort":true,
							"type":"string"
						},
						{
							"name":"c3",
							"type":"string"
						},
						{
							"name":"c4",
							"type":"string"
						},
						{
							"name":"c5",
							"type":"string"
						}
					],
					"endpoint":"http://zsearch-dev.alipay.net:9200"
				}
			}
		}
	],
	"setting":{
		"errorLimit":{
			"percentage":0.02,
			"record":0
		},
		"speed":{
			"channel":5
		}
	}
}

2016-05-25 20:27:03.128 [main] WARN  Engine - prioriy set to 0, because NumberFormatException, the value is: null
2016-05-25 20:27:03.131 [main] INFO  PerfTrace - PerfTrace traceId=job_-1, isEnable=true, priority=0
2016-05-25 20:27:03.131 [main] INFO  JobContainer - DataX jobContainer starts job.
2016-05-25 20:27:03.135 [main] INFO  JobContainer - Set jobId = 0
2016-05-25 20:27:03.387 [job-0] INFO  JobContainer - jobContainer starts to do prepare ...
2016-05-25 20:27:03.388 [job-0] INFO  JobContainer - DataX Reader.Job [streamreader] do prepare work .
2016-05-25 20:27:03.388 [job-0] INFO  JobContainer - DataX Writer.Job [zsearchwriter] do prepare work .
2016-05-25 20:27:03.388 [job-0] INFO  JobContainer - jobContainer starts to do split ...
2016-05-25 20:27:03.389 [job-0] INFO  JobContainer - Job set Channel-Number to 5 channels.
2016-05-25 20:27:03.391 [job-0] INFO  JobContainer - DataX Reader.Job [streamreader] splits to [5] tasks.
2016-05-25 20:27:03.392 [job-0] INFO  JobContainer - DataX Writer.Job [zsearchwriter] splits to [5] tasks.
2016-05-25 20:27:03.451 [job-0] INFO  JobContainer - jobContainer starts to do schedule ...
2016-05-25 20:27:03.475 [job-0] INFO  JobContainer - Scheduler starts [1] taskGroups.
2016-05-25 20:27:03.480 [job-0] INFO  JobContainer - Running by standalone Mode.
2016-05-25 20:27:03.513 [taskGroup-0] INFO  TaskGroupContainer - taskGroupId=[0] start [5] channels for [5] tasks.
2016-05-25 20:27:03.527 [taskGroup-0] INFO  Channel - Channel set byte_speed_limit to 2048576.
2016-05-25 20:27:03.527 [taskGroup-0] INFO  Channel - Channel set record_speed_limit to 10000.
2016-05-25 20:27:03.558 [taskGroup-0] INFO  TaskGroupContainer - taskGroup[0] taskId[1] attemptCount[1] is started
2016-05-25 20:27:03.570 [taskGroup-0] INFO  TaskGroupContainer - taskGroup[0] taskId[2] attemptCount[1] is started
2016-05-25 20:27:03.584 [taskGroup-0] INFO  TaskGroupContainer - taskGroup[0] taskId[3] attemptCount[1] is started
2016-05-25 20:27:03.593 [taskGroup-0] INFO  TaskGroupContainer - taskGroup[0] taskId[0] attemptCount[1] is started
2016-05-25 20:27:03.610 [taskGroup-0] INFO  TaskGroupContainer - taskGroup[0] taskId[4] attemptCount[1] is started
2016-05-25 20:27:03.754 [0-0-4-writer] INFO  HostUtils - IP 10.101.86.94 HOSTNAME v101086094.sqa.zmf.tbsite.net
2016-05-25 20:27:03.789 [0-0-1-writer] INFO  ZSearchBatchWriter - ::::::::PREPARED::::::11
2016-05-25 20:27:03.791 [0-0-2-writer] INFO  ZSearchBatchWriter - ::::::::PREPARED::::::13
2016-05-25 20:27:03.799 [0-0-4-writer] INFO  ZSearchBatchWriter - ::::::::PREPARED::::::19
2016-05-25 20:27:03.803 [0-0-3-writer] INFO  ZSearchBatchWriter - ::::::::PREPARED::::::15
2016-05-25 20:27:03.806 [0-0-0-writer] INFO  ZSearchBatchWriter - ::::::::PREPARED::::::17
2016-05-25 20:27:03.811 [0-0-2-writer] INFO  ZSearchBatchWriter - 失败导入总数:0
2016-05-25 20:27:03.820 [0-0-3-writer] INFO  ZSearchBatchWriter - 失败导入总数:0
2016-05-25 20:27:03.820 [0-0-4-writer] INFO  ZSearchBatchWriter - 失败导入总数:0
2016-05-25 20:27:03.825 [0-0-0-writer] INFO  ZSearchBatchWriter - 失败导入总数:0
2016-05-25 20:27:03.830 [0-0-1-writer] INFO  ZSearchBatchWriter - 失败导入总数:0
2016-05-25 20:27:03.911 [taskGroup-0] INFO  TaskGroupContainer - taskGroup[0] taskId[0] is successed, used[319]ms
2016-05-25 20:27:03.912 [taskGroup-0] INFO  TaskGroupContainer - taskGroup[0] taskId[2] is successed, used[349]ms
2016-05-25 20:27:03.913 [taskGroup-0] INFO  TaskGroupContainer - taskGroup[0] taskId[1] is successed, used[356]ms
2016-05-25 20:27:03.913 [taskGroup-0] INFO  TaskGroupContainer - taskGroup[0] taskId[3] is successed, used[337]ms
2016-05-25 20:27:03.913 [taskGroup-0] INFO  TaskGroupContainer - taskGroup[0] taskId[4] is successed, used[314]ms
2016-05-25 20:27:03.914 [taskGroup-0] INFO  TaskGroupContainer - taskGroup[0] completed it's tasks.
2016-05-25 20:27:13.527 [job-0] INFO  StandAloneJobContainerCommunicator - Total 100 records, 2400 bytes | Speed 240B/s, 10 records/s | Error 0 records, 0 bytes |  All Task WaitWriterTime 0.026s |  All Task WaitReaderTime 0.000s | Percentage 100.00%
2016-05-25 20:27:13.527 [job-0] INFO  AbstractScheduler - Scheduler accomplished all tasks.
2016-05-25 20:27:13.528 [job-0] INFO  JobContainer - DataX Writer.Job [zsearchwriter] do post work.
2016-05-25 20:27:13.528 [job-0] INFO  JobContainer - DataX Reader.Job [streamreader] do post work.
2016-05-25 20:27:13.528 [job-0] INFO  JobContainer - DataX jobId [0] completed successfully.
2016-05-25 20:27:13.532 [job-0] INFO  JobContainer - 
	 [total cpu info] => 
		averageCpu                     | maxDeltaCpu                    | minDeltaCpu                    
		6.96%                          | 6.96%                          | 6.96%
                         

	 [total gc info] => 
		 NAME                 | totalGCCount       | maxDeltaGCCount    | minDeltaGCCount    | totalGCTime        | maxDeltaGCTime     | minDeltaGCTime     
		 PS MarkSweep         | 0                  | 0                  | 0                  | 0.000s             | 0.000s             | 0.000s             
		 PS Scavenge          | 0                  | 0                  | 0                  | 0.000s             | 0.000s             | 0.000s             

2016-05-25 20:27:13.540 [job-0] INFO  JobContainer - 
 === total summarize info === 

   1. all phase average time info and max time task info: 

PHASE                |  AVERAGE USED TIME |       ALL TASK NUM |      MAX USED TIME |        MAX TASK ID | MAX TASK INFO                                                                                       
TASK_TOTAL           |             0.335s |                  5 |             0.356s |              0-0-1 | null                                                                                                
READ_TASK_INIT       |             0.001s |                  5 |             0.004s |              0-0-1 | null                                                                                                
READ_TASK_PREPARE    |             0.000s |                  5 |             0.001s |              0-0-4 | null                                                                                                
READ_TASK_DATA       |             0.031s |                  5 |             0.034s |              0-0-0 | null                                                                                                
READ_TASK_POST       |             0.001s |                  5 |             0.002s |              0-0-4 | null                                                                                                
READ_TASK_DESTROY    |             0.001s |                  5 |             0.001s |              0-0-4 | null                                                                                                
WRITE_TASK_INIT      |             0.031s |                  5 |             0.046s |              0-0-0 | null                                                                                                
WRITE_TASK_PREPARE   |             0.005s |                  5 |             0.021s |              0-0-3 | null                                                                                                
WRITE_TASK_DATA      |             0.023s |                  5 |             0.040s |              0-0-1 | null                                                                                                
WRITE_TASK_POST      |             0.000s |                  5 |             0.000s |              0-0-2 | null                                                                                                
WRITE_TASK_DESTROY   |             0.000s |                  5 |             0.000s |              0-0-2 | null                                                                                                
WAIT_READ_TIME       |             0.000s |                  5 |             0.000s |              0-0-1 | null                                                                                                
WAIT_WRITE_TIME      |             0.005s |                  5 |             0.025s |              0-0-1 | null                                                                                                


 2. record average count and max count task info :

PHASE                |    AVERAGE RECORDS |      AVERAGE BYTES |        MAX RECORDS | MAX RECORD`S BYTES |        MAX TASK ID | MAX TASK INFO                                                                                       
READ_TASK_DATA       |                 20 |               480B |                 20 |               480B |              0-0-1 | null                                                                                                

2016-05-25 20:27:13.541 [job-0] INFO  StandAloneJobContainerCommunicator - Total 100 records, 2400 bytes | Speed 240B/s, 10 records/s | Error 0 records, 0 bytes |  All Task WaitWriterTime 0.026s |  All Task WaitReaderTime 0.000s | Percentage 100.00%
2016-05-25 20:27:13.542 [job-0] INFO  LogReportUtil - report datax log is turn off
2016-05-25 20:27:13.543 [job-0] INFO  JobContainer - 
任务启动时刻                    : 2016-05-25 20:27:03
任务结束时刻                    : 2016-05-25 20:27:13
任务总计耗时                    :                 10s
任务平均流量                    :              240B/s
记录写入速度                    :             10rec/s
读出记录总数                    :                 100
读写失败总数                    :                   0

